#
# There is insufficient memory for the Java Runtime Environment to continue.
# Native memory allocation (malloc) failed to allocate 1606736 bytes for Chunk::new
# Possible reasons:
#   The system is out of physical RAM or swap space
#   The process is running with CompressedOops enabled, and the Java Heap may be blocking the growth of the native heap
# Possible solutions:
#   Reduce memory load on the system
#   Increase physical memory or swap space
#   Check if swap backing store is full
#   Decrease Java heap size (-Xmx/-Xms)
#   Decrease number of Java threads
#   Decrease Java thread stack sizes (-Xss)
#   Set larger code cache with -XX:ReservedCodeCacheSize=
#   JVM is running with Unscaled Compressed Oops mode in which the Java heap is
#     placed in the first 4GB address space. The Java Heap base address is the
#     maximum limit for the native heap growth. Please use -XX:HeapBaseMinAddress
#     to set the Java Heap base and to place the Java Heap above 4GB virtual address.
# This output file may be truncated or incomplete.
#
#  Out of Memory Error (./src/hotspot/share/memory/arena.cpp:197), pid=44620, tid=44600
#
# JRE version: OpenJDK Runtime Environment (11.0.7+10) (build 11.0.7+10-b765.65)
# Java VM: OpenJDK 64-Bit Server VM (11.0.7+10-b765.65, mixed mode, tiered, compressed oops, g1 gc, windows-amd64)
# No core dump will be written. Minidumps are not enabled by default on client versions of Windows
#

---------------  S U M M A R Y ------------

Command Line: -javaagent:C:\Users\NALSHARG\AppData\Roaming\JetBrains\IdeaIC2020.1\plugins\smx-idea\lib\xmx\bin\xmx-agent.jar=EmbeddedWebServer.Port=8081,config=C:\Users\NALSHARG\AppData\Roaming\JetBrains\IdeaIC2020.1\plugins\smx-idea\lib\xmx\smx.ini -javaagent:C:\Program Files\JetBrains\IntelliJ IDEA Community Edition 2019.3.1\lib\idea_rt.jar=62890:C:\Program Files\JetBrains\IntelliJ IDEA Community Edition 2019.3.1\bin -Dfile.encoding=UTF-8 com.yummy.recipe.RecipeProjectApplication

Host: Intel(R) Core(TM) i5-8350U CPU @ 1.70GHz, 8 cores, 7G,  Windows 10 , 64 bit Build 18362 (10.0.18362.329)
Time: Mon Oct 26 11:08:16 2020 W. Europe Standard Time elapsed time: 8 seconds (0d 0h 0m 8s)

---------------  T H R E A D  ---------------

Current thread (0x0000027842b33000):  JavaThread "C2 CompilerThread0" daemon [_thread_in_native, id=44600, stack(0x000000dfdab00000,0x000000dfdac00000)]


Current CompileTask:
C2:   8157 1867   !   4       java.net.URL::<init> (543 bytes)

Stack: [0x000000dfdab00000,0x000000dfdac00000]
Native frames: (J=compiled Java code, j=interpreted, Vv=VM code, C=native code)
V  [jvm.dll+0x5ddcca]
V  [jvm.dll+0x7115d5]
V  [jvm.dll+0x712b2d]
V  [jvm.dll+0x7131e3]
V  [jvm.dll+0x23e3a8]
V  [jvm.dll+0xb8a4c]
V  [jvm.dll+0xb8f5c]
V  [jvm.dll+0x3500db]
V  [jvm.dll+0x31de73]
V  [jvm.dll+0x31d40a]
V  [jvm.dll+0x1f7582]
V  [jvm.dll+0x1f6754]
V  [jvm.dll+0x17f28c]
V  [jvm.dll+0x204d97]
V  [jvm.dll+0x2035e1]
V  [jvm.dll+0x6da3cf]
V  [jvm.dll+0x6d3165]
V  [jvm.dll+0x5dcc76]
C  [ucrtbase.dll+0x20e72]
C  [KERNEL32.DLL+0x17bd4]
C  [ntdll.dll+0x6ced1]


---------------  P R O C E S S  ---------------

Threads class SMR info:
_java_thread_list=0x0000027844d271b0, length=17, elements={
0x00000278279bd000, 0x00000278422b6800, 0x00000278422bd800, 0x0000027842b30800,
0x0000027842b31800, 0x0000027842b33000, 0x0000027842b42800, 0x0000027842b44000,
0x0000027842270000, 0x000002784363f000, 0x0000027843611800, 0x0000027843654800,
0x000002784376f800, 0x0000027843770800, 0x0000027843600000, 0x0000027844484800,
0x0000027844eb2800
}

Java Threads: ( => current thread )
  0x00000278279bd000 JavaThread "main" [_thread_blocked, id=35788, stack(0x000000dfda000000,0x000000dfda100000)]
  0x00000278422b6800 JavaThread "Reference Handler" daemon [_thread_blocked, id=44128, stack(0x000000dfda700000,0x000000dfda800000)]
  0x00000278422bd800 JavaThread "Finalizer" daemon [_thread_blocked, id=45688, stack(0x000000dfda800000,0x000000dfda900000)]
  0x0000027842b30800 JavaThread "Signal Dispatcher" daemon [_thread_blocked, id=44928, stack(0x000000dfda900000,0x000000dfdaa00000)]
  0x0000027842b31800 JavaThread "Attach Listener" daemon [_thread_blocked, id=32256, stack(0x000000dfdaa00000,0x000000dfdab00000)]
=>0x0000027842b33000 JavaThread "C2 CompilerThread0" daemon [_thread_in_native, id=44600, stack(0x000000dfdab00000,0x000000dfdac00000)]
  0x0000027842b42800 JavaThread "C1 CompilerThread0" daemon [_thread_blocked, id=30928, stack(0x000000dfdac00000,0x000000dfdad00000)]
  0x0000027842b44000 JavaThread "Sweeper thread" daemon [_thread_blocked, id=41844, stack(0x000000dfdad00000,0x000000dfdae00000)]
  0x0000027842270000 JavaThread "Common-Cleaner" daemon [_thread_blocked, id=27460, stack(0x000000dfdae00000,0x000000dfdaf00000)]
  0x000002784363f000 JavaThread "XMX-ObjCleaner" daemon [_thread_blocked, id=47316, stack(0x000000dfdaf00000,0x000000dfdb000000)]
  0x0000027843611800 JavaThread "XMX-ClassCleaner" daemon [_thread_blocked, id=47056, stack(0x000000dfdb000000,0x000000dfdb100000)]
  0x0000027843654800 JavaThread "XMX Embedded Server Startup Thread" daemon [_thread_blocked, id=44092, stack(0x000000dfdb100000,0x000000dfdb200000)]
  0x000002784376f800 JavaThread "Monitor Ctrl-Break" daemon [_thread_in_native, id=39488, stack(0x000000dfdb200000,0x000000dfdb300000)]
  0x0000027843770800 JavaThread "Service Thread" daemon [_thread_blocked, id=47532, stack(0x000000dfdb300000,0x000000dfdb400000)]
  0x0000027843600000 JavaThread "Thread-0" [_thread_blocked, id=42908, stack(0x000000dfdb500000,0x000000dfdb600000)]
  0x0000027844484800 JavaThread "restartedMain" [_thread_in_Java, id=43240, stack(0x000000dfdb800000,0x000000dfdb900000)]
  0x0000027844eb2800 JavaThread "C2 CompilerThread1" daemon [_thread_in_native, id=26004, stack(0x000000dfdbc00000,0x000000dfdbd00000)]

Other Threads:
  0x00000278422b4000 VMThread "VM Thread" [stack: 0x000000dfda600000,0x000000dfda700000] [id=48056]
  0x0000027843771800 WatcherThread [stack: 0x000000dfdb400000,0x000000dfdb500000] [id=42072]
  0x00000278279d7000 GCTaskThread "GC Thread#0" [stack: 0x000000dfda100000,0x000000dfda200000] [id=44696]
  0x0000027844241800 GCTaskThread "GC Thread#1" [stack: 0x000000dfdb600000,0x000000dfdb700000] [id=44296]
  0x000002784423e800 GCTaskThread "GC Thread#2" [stack: 0x000000dfdb700000,0x000000dfdb800000] [id=42272]
  0x00000278445d1800 GCTaskThread "GC Thread#3" [stack: 0x000000dfdb900000,0x000000dfdba00000] [id=40212]
  0x0000027844659800 GCTaskThread "GC Thread#4" [stack: 0x000000dfdba00000,0x000000dfdbb00000] [id=46196]
  0x000002784465a800 GCTaskThread "GC Thread#5" [stack: 0x000000dfdbb00000,0x000000dfdbc00000] [id=43264]
  0x000002784467d800 GCTaskThread "GC Thread#6" [stack: 0x000000dfdbe00000,0x000000dfdbf00000] [id=44888]
  0x0000027844700800 GCTaskThread "GC Thread#7" [stack: 0x000000dfdbf00000,0x000000dfdc000000] [id=46812]
  0x0000027827a09000 ConcurrentGCThread "G1 Main Marker" [stack: 0x000000dfda200000,0x000000dfda300000] [id=39628]
  0x0000027827a0a800 ConcurrentGCThread "G1 Conc#0" [stack: 0x000000dfda300000,0x000000dfda400000] [id=45452]
  0x000002784472b000 ConcurrentGCThread "G1 Conc#1" [stack: 0x000000dfdc000000,0x000000dfdc100000] [id=44120]
  0x000002784211a800 ConcurrentGCThread "G1 Refine#0" [stack: 0x000000dfda400000,0x000000dfda500000] [id=12648]
  0x000002784211b000 ConcurrentGCThread "G1 Young RemSet Sampling" [stack: 0x000000dfda500000,0x000000dfda600000] [id=39076]

Threads with active compile tasks:
C2 CompilerThread0   8831 1867   !   4       java.net.URL::<init> (543 bytes)
C1 CompilerThread0   8832 2120   !   3       java.lang.invoke.MethodHandleNatives::linkMethodHandleConstant (50 bytes)
C2 CompilerThread1   8833 2114 %     4       java.util.Properties::loadConvert @ 8 (524 bytes)

VM state:not at safepoint (normal execution)

VM Mutex/Monitor currently owned by a thread: None

Heap address: 0x0000000082600000, size: 2010 MB, Compressed Oops mode: 32-bit
Narrow klass base: 0x0000000000000000, Narrow klass shift: 3
Compressed class space size: 1073741824 Address: 0x0000000100000000

Heap:
 garbage-first heap   total 129024K, used 50232K [0x0000000082600000, 0x0000000100000000)
  region size 1024K, 47 young (48128K), 7 survivors (7168K)
 Metaspace       used 26319K, capacity 26983K, committed 27136K, reserved 1087488K
  class space    used 2970K, capacity 3246K, committed 3328K, reserved 1048576K
Heap Regions: E=young(eden), S=young(survivor), O=old, HS=humongous(starts), HC=humongous(continues), CS=collection set, F=free, A=archive, TAMS=top-at-mark-start (previous, next)
|   0|0x0000000082600000, 0x0000000082700000, 0x0000000082700000|100%|HS|  |TAMS 0x0000000082700000, 0x0000000082600000| Complete 
|   1|0x0000000082700000, 0x0000000082800000, 0x0000000082800000|100%| O|  |TAMS 0x0000000082800000, 0x0000000082700000| Untracked 
|   2|0x0000000082800000, 0x0000000082900000, 0x0000000082900000|100%| O|  |TAMS 0x0000000082900000, 0x0000000082800000| Untracked 
|   3|0x0000000082900000, 0x00000000829f0200, 0x0000000082a00000| 93%| O|  |TAMS 0x00000000829f0200, 0x0000000082900000| Untracked 
|   4|0x0000000082a00000, 0x0000000082a00000, 0x0000000082b00000|  0%| F|  |TAMS 0x0000000082a00000, 0x0000000082a00000| Untracked 
|   5|0x0000000082b00000, 0x0000000082b00000, 0x0000000082c00000|  0%| F|  |TAMS 0x0000000082b00000, 0x0000000082b00000| Untracked 
|   6|0x0000000082c00000, 0x0000000082c00000, 0x0000000082d00000|  0%| F|  |TAMS 0x0000000082c00000, 0x0000000082c00000| Untracked 
|   7|0x0000000082d00000, 0x0000000082d00000, 0x0000000082e00000|  0%| F|  |TAMS 0x0000000082d00000, 0x0000000082d00000| Untracked 
|   8|0x0000000082e00000, 0x0000000082e00000, 0x0000000082f00000|  0%| F|  |TAMS 0x0000000082e00000, 0x0000000082e00000| Untracked 
|   9|0x0000000082f00000, 0x0000000082f00000, 0x0000000083000000|  0%| F|  |TAMS 0x0000000082f00000, 0x0000000082f00000| Untracked 
|  10|0x0000000083000000, 0x0000000083000000, 0x0000000083100000|  0%| F|  |TAMS 0x0000000083000000, 0x0000000083000000| Untracked 
|  11|0x0000000083100000, 0x0000000083100000, 0x0000000083200000|  0%| F|  |TAMS 0x0000000083100000, 0x0000000083100000| Untracked 
|  12|0x0000000083200000, 0x0000000083200000, 0x0000000083300000|  0%| F|  |TAMS 0x0000000083200000, 0x0000000083200000| Untracked 
|  13|0x0000000083300000, 0x0000000083300000, 0x0000000083400000|  0%| F|  |TAMS 0x0000000083300000, 0x0000000083300000| Untracked 
|  14|0x0000000083400000, 0x0000000083400000, 0x0000000083500000|  0%| F|  |TAMS 0x0000000083400000, 0x0000000083400000| Untracked 
|  15|0x0000000083500000, 0x0000000083500000, 0x0000000083600000|  0%| F|  |TAMS 0x0000000083500000, 0x0000000083500000| Untracked 
|  16|0x0000000083600000, 0x0000000083600000, 0x0000000083700000|  0%| F|  |TAMS 0x0000000083600000, 0x0000000083600000| Untracked 
|  17|0x0000000083700000, 0x0000000083700000, 0x0000000083800000|  0%| F|  |TAMS 0x0000000083700000, 0x0000000083700000| Untracked 
|  18|0x0000000083800000, 0x0000000083800000, 0x0000000083900000|  0%| F|  |TAMS 0x0000000083800000, 0x0000000083800000| Untracked 
|  19|0x0000000083900000, 0x0000000083900000, 0x0000000083a00000|  0%| F|  |TAMS 0x0000000083900000, 0x0000000083900000| Untracked 
|  20|0x0000000083a00000, 0x0000000083a00000, 0x0000000083b00000|  0%| F|  |TAMS 0x0000000083a00000, 0x0000000083a00000| Untracked 
|  21|0x0000000083b00000, 0x0000000083b00000, 0x0000000083c00000|  0%| F|  |TAMS 0x0000000083b00000, 0x0000000083b00000| Untracked 
|  22|0x0000000083c00000, 0x0000000083c00000, 0x0000000083d00000|  0%| F|  |TAMS 0x0000000083c00000, 0x0000000083c00000| Untracked 
|  23|0x0000000083d00000, 0x0000000083d00000, 0x0000000083e00000|  0%| F|  |TAMS 0x0000000083d00000, 0x0000000083d00000| Untracked 
|  24|0x0000000083e00000, 0x0000000083e00000, 0x0000000083f00000|  0%| F|  |TAMS 0x0000000083e00000, 0x0000000083e00000| Untracked 
|  25|0x0000000083f00000, 0x0000000083f00000, 0x0000000084000000|  0%| F|  |TAMS 0x0000000083f00000, 0x0000000083f00000| Untracked 
|  26|0x0000000084000000, 0x0000000084000000, 0x0000000084100000|  0%| F|  |TAMS 0x0000000084000000, 0x0000000084000000| Untracked 
|  27|0x0000000084100000, 0x0000000084100000, 0x0000000084200000|  0%| F|  |TAMS 0x0000000084100000, 0x0000000084100000| Untracked 
|  28|0x0000000084200000, 0x0000000084200000, 0x0000000084300000|  0%| F|  |TAMS 0x0000000084200000, 0x0000000084200000| Untracked 
|  29|0x0000000084300000, 0x0000000084300000, 0x0000000084400000|  0%| F|  |TAMS 0x0000000084300000, 0x0000000084300000| Untracked 
|  30|0x0000000084400000, 0x0000000084400000, 0x0000000084500000|  0%| F|  |TAMS 0x0000000084400000, 0x0000000084400000| Untracked 
|  31|0x0000000084500000, 0x0000000084500000, 0x0000000084600000|  0%| F|  |TAMS 0x0000000084500000, 0x0000000084500000| Untracked 
|  32|0x0000000084600000, 0x0000000084600000, 0x0000000084700000|  0%| F|  |TAMS 0x0000000084600000, 0x0000000084600000| Untracked 
|  33|0x0000000084700000, 0x0000000084700000, 0x0000000084800000|  0%| F|  |TAMS 0x0000000084700000, 0x0000000084700000| Untracked 
|  34|0x0000000084800000, 0x0000000084800000, 0x0000000084900000|  0%| F|  |TAMS 0x0000000084800000, 0x0000000084800000| Untracked 
|  35|0x0000000084900000, 0x0000000084900000, 0x0000000084a00000|  0%| F|  |TAMS 0x0000000084900000, 0x0000000084900000| Untracked 
|  36|0x0000000084a00000, 0x0000000084a00000, 0x0000000084b00000|  0%| F|  |TAMS 0x0000000084a00000, 0x0000000084a00000| Untracked 
|  37|0x0000000084b00000, 0x0000000084b00000, 0x0000000084c00000|  0%| F|  |TAMS 0x0000000084b00000, 0x0000000084b00000| Untracked 
|  38|0x0000000084c00000, 0x0000000084c00000, 0x0000000084d00000|  0%| F|  |TAMS 0x0000000084c00000, 0x0000000084c00000| Untracked 
|  39|0x0000000084d00000, 0x0000000084d00000, 0x0000000084e00000|  0%| F|  |TAMS 0x0000000084d00000, 0x0000000084d00000| Untracked 
|  40|0x0000000084e00000, 0x0000000084e00000, 0x0000000084f00000|  0%| F|  |TAMS 0x0000000084e00000, 0x0000000084e00000| Untracked 
|  41|0x0000000084f00000, 0x0000000084f00000, 0x0000000085000000|  0%| F|  |TAMS 0x0000000084f00000, 0x0000000084f00000| Untracked 
|  42|0x0000000085000000, 0x0000000085000000, 0x0000000085100000|  0%| F|  |TAMS 0x0000000085000000, 0x0000000085000000| Untracked 
|  43|0x0000000085100000, 0x0000000085100000, 0x0000000085200000|  0%| F|  |TAMS 0x0000000085100000, 0x0000000085100000| Untracked 
|  44|0x0000000085200000, 0x0000000085200000, 0x0000000085300000|  0%| F|  |TAMS 0x0000000085200000, 0x0000000085200000| Untracked 
|  45|0x0000000085300000, 0x0000000085300000, 0x0000000085400000|  0%| F|  |TAMS 0x0000000085300000, 0x0000000085300000| Untracked 
|  46|0x0000000085400000, 0x0000000085400000, 0x0000000085500000|  0%| F|  |TAMS 0x0000000085400000, 0x0000000085400000| Untracked 
|  47|0x0000000085500000, 0x0000000085500000, 0x0000000085600000|  0%| F|  |TAMS 0x0000000085500000, 0x0000000085500000| Untracked 
|  48|0x0000000085600000, 0x0000000085600000, 0x0000000085700000|  0%| F|  |TAMS 0x0000000085600000, 0x0000000085600000| Untracked 
|  49|0x0000000085700000, 0x0000000085700000, 0x0000000085800000|  0%| F|  |TAMS 0x0000000085700000, 0x0000000085700000| Untracked 
|  50|0x0000000085800000, 0x0000000085800000, 0x0000000085900000|  0%| F|  |TAMS 0x0000000085800000, 0x0000000085800000| Untracked 
|  51|0x0000000085900000, 0x0000000085900000, 0x0000000085a00000|  0%| F|  |TAMS 0x0000000085900000, 0x0000000085900000| Untracked 
|  52|0x0000000085a00000, 0x0000000085a00000, 0x0000000085b00000|  0%| F|  |TAMS 0x0000000085a00000, 0x0000000085a00000| Untracked 
|  53|0x0000000085b00000, 0x0000000085b00000, 0x0000000085c00000|  0%| F|  |TAMS 0x0000000085b00000, 0x0000000085b00000| Untracked 
|  54|0x0000000085c00000, 0x0000000085c00000, 0x0000000085d00000|  0%| F|  |TAMS 0x0000000085c00000, 0x0000000085c00000| Untracked 
|  55|0x0000000085d00000, 0x0000000085d00000, 0x0000000085e00000|  0%| F|  |TAMS 0x0000000085d00000, 0x0000000085d00000| Untracked 
|  56|0x0000000085e00000, 0x0000000085e00000, 0x0000000085f00000|  0%| F|  |TAMS 0x0000000085e00000, 0x0000000085e00000| Untracked 
|  57|0x0000000085f00000, 0x0000000085f00000, 0x0000000086000000|  0%| F|  |TAMS 0x0000000085f00000, 0x0000000085f00000| Untracked 
|  58|0x0000000086000000, 0x0000000086000000, 0x0000000086100000|  0%| F|  |TAMS 0x0000000086000000, 0x0000000086000000| Untracked 
|  59|0x0000000086100000, 0x0000000086100000, 0x0000000086200000|  0%| F|  |TAMS 0x0000000086100000, 0x0000000086100000| Untracked 
|  60|0x0000000086200000, 0x0000000086200000, 0x0000000086300000|  0%| F|  |TAMS 0x0000000086200000, 0x0000000086200000| Untracked 
|  61|0x0000000086300000, 0x0000000086300000, 0x0000000086400000|  0%| F|  |TAMS 0x0000000086300000, 0x0000000086300000| Untracked 
|  62|0x0000000086400000, 0x0000000086400000, 0x0000000086500000|  0%| F|  |TAMS 0x0000000086400000, 0x0000000086400000| Untracked 
|  63|0x0000000086500000, 0x0000000086500000, 0x0000000086600000|  0%| F|  |TAMS 0x0000000086500000, 0x0000000086500000| Untracked 
|  64|0x0000000086600000, 0x0000000086600000, 0x0000000086700000|  0%| F|  |TAMS 0x0000000086600000, 0x0000000086600000| Untracked 
|  65|0x0000000086700000, 0x0000000086700000, 0x0000000086800000|  0%| F|  |TAMS 0x0000000086700000, 0x0000000086700000| Untracked 
|  66|0x0000000086800000, 0x0000000086800000, 0x0000000086900000|  0%| F|  |TAMS 0x0000000086800000, 0x0000000086800000| Untracked 
|  67|0x0000000086900000, 0x0000000086900000, 0x0000000086a00000|  0%| F|  |TAMS 0x0000000086900000, 0x0000000086900000| Untracked 
|  68|0x0000000086a00000, 0x0000000086a00000, 0x0000000086b00000|  0%| F|  |TAMS 0x0000000086a00000, 0x0000000086a00000| Untracked 
|  69|0x0000000086b00000, 0x0000000086b00000, 0x0000000086c00000|  0%| F|  |TAMS 0x0000000086b00000, 0x0000000086b00000| Untracked 
|  70|0x0000000086c00000, 0x0000000086c00000, 0x0000000086d00000|  0%| F|  |TAMS 0x0000000086c00000, 0x0000000086c00000| Untracked 
|  71|0x0000000086d00000, 0x0000000086d00000, 0x0000000086e00000|  0%| F|  |TAMS 0x0000000086d00000, 0x0000000086d00000| Untracked 
|  72|0x0000000086e00000, 0x0000000086e00000, 0x0000000086f00000|  0%| F|  |TAMS 0x0000000086e00000, 0x0000000086e00000| Untracked 
|  73|0x0000000086f00000, 0x0000000086f00000, 0x0000000087000000|  0%| F|  |TAMS 0x0000000086f00000, 0x0000000086f00000| Untracked 
|  74|0x0000000087000000, 0x0000000087000000, 0x0000000087100000|  0%| F|  |TAMS 0x0000000087000000, 0x0000000087000000| Untracked 
|  75|0x0000000087100000, 0x0000000087100000, 0x0000000087200000|  0%| F|  |TAMS 0x0000000087100000, 0x0000000087100000| Untracked 
|  76|0x0000000087200000, 0x0000000087200000, 0x0000000087300000|  0%| F|  |TAMS 0x0000000087200000, 0x0000000087200000| Untracked 
|  77|0x0000000087300000, 0x0000000087400000, 0x0000000087400000|100%| E|  |TAMS 0x0000000087300000, 0x0000000087300000| Complete 
|  78|0x0000000087400000, 0x0000000087500000, 0x0000000087500000|100%| E|CS|TAMS 0x0000000087400000, 0x0000000087400000| Complete 
|  79|0x0000000087500000, 0x0000000087600000, 0x0000000087600000|100%| E|CS|TAMS 0x0000000087500000, 0x0000000087500000| Complete 
|  80|0x0000000087600000, 0x0000000087700000, 0x0000000087700000|100%| E|CS|TAMS 0x0000000087600000, 0x0000000087600000| Complete 
|  81|0x0000000087700000, 0x0000000087800000, 0x0000000087800000|100%| E|CS|TAMS 0x0000000087700000, 0x0000000087700000| Complete 
|  82|0x0000000087800000, 0x0000000087900000, 0x0000000087900000|100%| E|CS|TAMS 0x0000000087800000, 0x0000000087800000| Complete 
|  83|0x0000000087900000, 0x0000000087a00000, 0x0000000087a00000|100%| E|CS|TAMS 0x0000000087900000, 0x0000000087900000| Complete 
|  84|0x0000000087a00000, 0x0000000087b00000, 0x0000000087b00000|100%| E|CS|TAMS 0x0000000087a00000, 0x0000000087a00000| Complete 
|  85|0x0000000087b00000, 0x0000000087c00000, 0x0000000087c00000|100%| E|CS|TAMS 0x0000000087b00000, 0x0000000087b00000| Complete 
|  86|0x0000000087c00000, 0x0000000087d00000, 0x0000000087d00000|100%| E|CS|TAMS 0x0000000087c00000, 0x0000000087c00000| Complete 
|  87|0x0000000087d00000, 0x0000000087e00000, 0x0000000087e00000|100%| E|CS|TAMS 0x0000000087d00000, 0x0000000087d00000| Complete 
|  88|0x0000000087e00000, 0x0000000087f00000, 0x0000000087f00000|100%| E|CS|TAMS 0x0000000087e00000, 0x0000000087e00000| Complete 
|  89|0x0000000087f00000, 0x0000000088000000, 0x0000000088000000|100%| E|CS|TAMS 0x0000000087f00000, 0x0000000087f00000| Complete 
|  90|0x0000000088000000, 0x0000000088100000, 0x0000000088100000|100%| E|CS|TAMS 0x0000000088000000, 0x0000000088000000| Complete 
|  91|0x0000000088100000, 0x0000000088200000, 0x0000000088200000|100%| E|CS|TAMS 0x0000000088100000, 0x0000000088100000| Complete 
|  92|0x0000000088200000, 0x0000000088300000, 0x0000000088300000|100%| E|CS|TAMS 0x0000000088200000, 0x0000000088200000| Complete 
|  93|0x0000000088300000, 0x0000000088400000, 0x0000000088400000|100%| E|CS|TAMS 0x0000000088300000, 0x0000000088300000| Complete 
|  94|0x0000000088400000, 0x0000000088500000, 0x0000000088500000|100%| E|CS|TAMS 0x0000000088400000, 0x0000000088400000| Complete 
|  95|0x0000000088500000, 0x0000000088600000, 0x0000000088600000|100%| E|CS|TAMS 0x0000000088500000, 0x0000000088500000| Complete 
|  96|0x0000000088600000, 0x0000000088700000, 0x0000000088700000|100%| E|CS|TAMS 0x0000000088600000, 0x0000000088600000| Complete 
|  97|0x0000000088700000, 0x0000000088800000, 0x0000000088800000|100%| E|CS|TAMS 0x0000000088700000, 0x0000000088700000| Complete 
|  98|0x0000000088800000, 0x0000000088900000, 0x0000000088900000|100%| E|CS|TAMS 0x0000000088800000, 0x0000000088800000| Complete 
|  99|0x0000000088900000, 0x0000000088a00000, 0x0000000088a00000|100%| E|CS|TAMS 0x0000000088900000, 0x0000000088900000| Complete 
| 100|0x0000000088a00000, 0x0000000088b00000, 0x0000000088b00000|100%| E|CS|TAMS 0x0000000088a00000, 0x0000000088a00000| Complete 
| 101|0x0000000088b00000, 0x0000000088c00000, 0x0000000088c00000|100%| E|CS|TAMS 0x0000000088b00000, 0x0000000088b00000| Complete 
| 102|0x0000000088c00000, 0x0000000088d00000, 0x0000000088d00000|100%| E|CS|TAMS 0x0000000088c00000, 0x0000000088c00000| Complete 
| 103|0x0000000088d00000, 0x0000000088d1de90, 0x0000000088e00000| 11%| S|CS|TAMS 0x0000000088d00000, 0x0000000088d00000| Complete 
| 104|0x0000000088e00000, 0x0000000088f00000, 0x0000000088f00000|100%| S|CS|TAMS 0x0000000088e00000, 0x0000000088e00000| Complete 
| 105|0x0000000088f00000, 0x0000000089000000, 0x0000000089000000|100%| S|CS|TAMS 0x0000000088f00000, 0x0000000088f00000| Complete 
| 106|0x0000000089000000, 0x0000000089100000, 0x0000000089100000|100%| S|CS|TAMS 0x0000000089000000, 0x0000000089000000| Complete 
| 107|0x0000000089100000, 0x0000000089200000, 0x0000000089200000|100%| S|CS|TAMS 0x0000000089100000, 0x0000000089100000| Complete 
| 108|0x0000000089200000, 0x0000000089300000, 0x0000000089300000|100%| S|CS|TAMS 0x0000000089200000, 0x0000000089200000| Complete 
| 109|0x0000000089300000, 0x0000000089400000, 0x0000000089400000|100%| S|CS|TAMS 0x0000000089300000, 0x0000000089300000| Complete 
| 110|0x0000000089400000, 0x0000000089500000, 0x0000000089500000|100%| E|CS|TAMS 0x0000000089400000, 0x0000000089400000| Complete 
| 111|0x0000000089500000, 0x0000000089600000, 0x0000000089600000|100%| E|CS|TAMS 0x0000000089500000, 0x0000000089500000| Complete 
| 112|0x0000000089600000, 0x0000000089700000, 0x0000000089700000|100%| E|CS|TAMS 0x0000000089600000, 0x0000000089600000| Complete 
| 113|0x0000000089700000, 0x0000000089800000, 0x0000000089800000|100%| E|CS|TAMS 0x0000000089700000, 0x0000000089700000| Complete 
| 114|0x0000000089800000, 0x0000000089900000, 0x0000000089900000|100%| E|CS|TAMS 0x0000000089800000, 0x0000000089800000| Complete 
| 115|0x0000000089900000, 0x0000000089a00000, 0x0000000089a00000|100%| E|CS|TAMS 0x0000000089900000, 0x0000000089900000| Complete 
| 116|0x0000000089a00000, 0x0000000089b00000, 0x0000000089b00000|100%| E|CS|TAMS 0x0000000089a00000, 0x0000000089a00000| Complete 
| 117|0x0000000089b00000, 0x0000000089c00000, 0x0000000089c00000|100%| E|CS|TAMS 0x0000000089b00000, 0x0000000089b00000| Complete 
| 118|0x0000000089c00000, 0x0000000089d00000, 0x0000000089d00000|100%| E|CS|TAMS 0x0000000089c00000, 0x0000000089c00000| Complete 
| 119|0x0000000089d00000, 0x0000000089e00000, 0x0000000089e00000|100%| E|CS|TAMS 0x0000000089d00000, 0x0000000089d00000| Complete 
| 120|0x0000000089e00000, 0x0000000089f00000, 0x0000000089f00000|100%| E|CS|TAMS 0x0000000089e00000, 0x0000000089e00000| Complete 
| 121|0x0000000089f00000, 0x000000008a000000, 0x000000008a000000|100%| E|CS|TAMS 0x0000000089f00000, 0x0000000089f00000| Complete 
| 122|0x000000008a000000, 0x000000008a100000, 0x000000008a100000|100%| E|CS|TAMS 0x000000008a000000, 0x000000008a000000| Untracked 
| 123|0x000000008a100000, 0x000000008a100000, 0x000000008a200000|  0%| F|  |TAMS 0x000000008a100000, 0x000000008a100000| Complete 
| 124|0x000000008a200000, 0x000000008a2f49e0, 0x000000008a300000| 95%| E|CS|TAMS 0x000000008a200000, 0x000000008a200000| Complete 
| 125|0x000000008a300000, 0x000000008a400000, 0x000000008a400000|100%| E|CS|TAMS 0x000000008a300000, 0x000000008a300000| Complete 

Card table byte_map: [0x000002783b180000,0x000002783b570000] _byte_map_base: 0x000002783ad6d000

Marking Bits (Prev, Next): (CMBitMap*) 0x0000027827a005e0, (CMBitMap*) 0x0000027827a005a8
 Prev Bits: [0x000002783d8d0000, 0x000002783f838000)
 Next Bits: [0x000002783b960000, 0x000002783d8c8000)

Polling page: 0x0000027825830000

Metaspace:

Usage:
  Non-class:     23.31 MB capacity,    22.93 MB ( 98%) used,   321.59 KB (  1%) free+waste,    65.44 KB ( <1%) overhead. 
      Class:      3.17 MB capacity,     2.92 MB ( 92%) used,   222.28 KB (  7%) free+waste,    32.13 KB ( <1%) overhead. 
       Both:     26.48 MB capacity,    25.85 MB ( 98%) used,   543.87 KB (  2%) free+waste,    97.56 KB ( <1%) overhead. 

Virtual space:
  Non-class space:       38.00 MB reserved,      23.50 MB ( 62%) committed 
      Class space:        1.00 GB reserved,       3.25 MB ( <1%) committed 
             Both:        1.04 GB reserved,      26.75 MB (  3%) committed 

Chunk freelists:
   Non-Class:  7.00 KB
       Class:  16.00 KB
        Both:  23.00 KB

MaxMetaspaceSize: 17179869184.00 GB
CompressedClassSpaceSize: 1.00 GB

CodeHeap 'non-profiled nmethods': size=120000Kb used=797Kb max_used=797Kb free=119202Kb
 bounds [0x0000027833530000, 0x00000278337a0000, 0x000002783aa60000]
CodeHeap 'profiled nmethods': size=120000Kb used=4574Kb max_used=4574Kb free=115425Kb
 bounds [0x000002782c000000, 0x000002782c480000, 0x0000027833530000]
CodeHeap 'non-nmethods': size=5760Kb used=1121Kb max_used=1137Kb free=4639Kb
 bounds [0x000002782ba60000, 0x000002782bcd0000, 0x000002782c000000]
 total_blobs=3348 nmethods=2125 adapters=355
 compilation: enabled
              stopped_count=0, restarted_count=0
 full_count=0

Compilation events (20 events):
Event: 8.095 Thread 0x0000027842b42800 nmethod 1959 0x000002782c41e390 code [0x000002782c41e540, 0x000002782c41e6d8]
Event: 8.095 Thread 0x0000027842b42800 1958       3       java.util.EnumSet::noneOf (63 bytes)
Event: 8.097 Thread 0x0000027842b42800 nmethod 1958 0x000002782c41e790 code [0x000002782c41eaa0, 0x000002782c41fb10]
Event: 8.097 Thread 0x0000027842b42800 1960       3       org.springframework.core.annotation.AnnotationsScanner::getDeclaredAnnotations (166 bytes)
Event: 8.101 Thread 0x0000027842b42800 nmethod 1960 0x000002782c420110 code [0x000002782c420420, 0x000002782c421980]
Event: 8.101 Thread 0x0000027842b42800 1965       3       java.util.ArrayList::indexOfRange (71 bytes)
Event: 8.102 Thread 0x0000027842b42800 nmethod 1965 0x000002782c421e90 code [0x000002782c422080, 0x000002782c422570]
Event: 8.102 Thread 0x0000027842b42800 1962       3       java.util.ArrayList::contains (14 bytes)
Event: 8.102 Thread 0x0000027842b42800 nmethod 1962 0x000002782c422790 code [0x000002782c422960, 0x000002782c422bd0]
Event: 8.102 Thread 0x0000027842b42800 1964       3       java.util.ArrayList::indexOf (11 bytes)
Event: 8.103 Thread 0x0000027842b42800 nmethod 1964 0x000002782c422c90 code [0x000002782c422e40, 0x000002782c422ff0]
Event: 8.103 Thread 0x0000027842b42800 1961       3       java.lang.reflect.Method::getParameterCount (6 bytes)
Event: 8.103 Thread 0x0000027842b42800 nmethod 1961 0x000002782c423090 code [0x000002782c423240, 0x000002782c4233b8]
Event: 8.103 Thread 0x0000027842b42800 1963       3       sun.reflect.annotation.AnnotationInvocationHandler::invoke (178 bytes)
Event: 8.106 Thread 0x0000027842b42800 nmethod 1963 0x000002782c423490 code [0x000002782c4237a0, 0x000002782c424870]
Event: 8.115 Thread 0x0000027842b42800 1966       3       java.lang.invoke.MemberName::isProtected (8 bytes)
Event: 8.115 Thread 0x0000027842b42800 nmethod 1966 0x000002782c424e10 code [0x000002782c424fc0, 0x000002782c4251d8]
Event: 8.117 Thread 0x0000027842b42800 1967       3       java.lang.invoke.DirectMethodHandle::preparedLambdaForm (6 bytes)
Event: 8.117 Thread 0x0000027842b42800 nmethod 1967 0x000002782c425290 code [0x000002782c425440, 0x000002782c4255b0]
Event: 8.118 Thread 0x0000027842b42800 1968       3       java.util.zip.ZipEntry::setExtra0 (493 bytes)

GC Heap History (6 events):
Event: 5.221 GC heap before
{Heap before GC invocations=0 (full 0):
 garbage-first heap   total 129024K, used 24576K [0x0000000082600000, 0x0000000100000000)
  region size 1024K, 24 young (24576K), 0 survivors (0K)
 Metaspace       used 12940K, capacity 13205K, committed 13440K, reserved 1060864K
  class space    used 1306K, capacity 1403K, committed 1408K, reserved 1048576K
}
Event: 5.236 GC heap after
{Heap after GC invocations=1 (full 0):
 garbage-first heap   total 129024K, used 7104K [0x0000000082600000, 0x0000000100000000)
  region size 1024K, 3 young (3072K), 3 survivors (3072K)
 Metaspace       used 12940K, capacity 13205K, committed 13440K, reserved 1060864K
  class space    used 1306K, capacity 1403K, committed 1408K, reserved 1048576K
}
Event: 7.225 GC heap before
{Heap before GC invocations=1 (full 0):
 garbage-first heap   total 129024K, used 79808K [0x0000000082600000, 0x0000000100000000)
  region size 1024K, 75 young (76800K), 3 survivors (3072K)
 Metaspace       used 18441K, capacity 18926K, committed 19072K, reserved 1067008K
  class space    used 1964K, capacity 2155K, committed 2176K, reserved 1048576K
}
Event: 7.245 GC heap after
{Heap after GC invocations=2 (full 0):
 garbage-first heap   total 129024K, used 9444K [0x0000000082600000, 0x0000000100000000)
  region size 1024K, 6 young (6144K), 6 survivors (6144K)
 Metaspace       used 18441K, capacity 18926K, committed 19072K, reserved 1067008K
  class space    used 1964K, capacity 2155K, committed 2176K, reserved 1048576K
}
Event: 7.656 GC heap before
{Heap before GC invocations=2 (full 0):
 garbage-first heap   total 129024K, used 24804K [0x0000000082600000, 0x0000000100000000)
  region size 1024K, 22 young (22528K), 6 survivors (6144K)
 Metaspace       used 20635K, capacity 21159K, committed 21248K, reserved 1069056K
  class space    used 2255K, capacity 2476K, committed 2560K, reserved 1048576K
}
Event: 7.669 GC heap after
{Heap after GC invocations=3 (full 0):
 garbage-first heap   total 129024K, used 10296K [0x0000000082600000, 0x0000000100000000)
  region size 1024K, 7 young (7168K), 7 survivors (7168K)
 Metaspace       used 20635K, capacity 21159K, committed 21248K, reserved 1069056K
  class space    used 2255K, capacity 2476K, committed 2560K, reserved 1048576K
}

Deoptimization events (20 events):
Event: 7.917 Thread 0x0000027844484800 Uncommon trap: trap_request=0xffffff4d fr.pc=0x0000027833590b84 relative=0x0000000000000244
Event: 7.917 Thread 0x0000027844484800 Uncommon trap: reason=unstable_if action=reinterpret pc=0x0000027833590b84 method=java.util.HashMap.hash(Ljava/lang/Object;)I @ 1 c2
Event: 7.917 Thread 0x0000027844484800 DEOPT PACKING pc=0x0000027833590b84 sp=0x000000dfdb8fdfc0
Event: 7.917 Thread 0x0000027844484800 DEOPT UNPACKING pc=0x000002782ba88f2f sp=0x000000dfdb8fdee8 mode 2
Event: 7.967 Thread 0x0000027844484800 Uncommon trap: trap_request=0xffffffde fr.pc=0x00000278335878c4 relative=0x0000000000000264
Event: 7.967 Thread 0x0000027844484800 Uncommon trap: reason=class_check action=maybe_recompile pc=0x00000278335878c4 method=java.util.regex.Matcher.match(II)Z @ 121 c2
Event: 7.967 Thread 0x0000027844484800 DEOPT PACKING pc=0x00000278335878c4 sp=0x000000dfdb8fe5a0
Event: 7.967 Thread 0x0000027844484800 DEOPT UNPACKING pc=0x000002782ba88f2f sp=0x000000dfdb8fe518 mode 2
Event: 7.971 Thread 0x0000027844484800 Uncommon trap: trap_request=0xffffff4d fr.pc=0x00000278335a2e0c relative=0x00000000000001ac
Event: 7.971 Thread 0x0000027844484800 Uncommon trap: reason=unstable_if action=reinterpret pc=0x00000278335a2e0c method=java.util.concurrent.ConcurrentHashMap.addCount(JI)V @ 168 c2
Event: 7.971 Thread 0x0000027844484800 DEOPT PACKING pc=0x00000278335a2e0c sp=0x000000dfdb8fd680
Event: 7.971 Thread 0x0000027844484800 DEOPT UNPACKING pc=0x000002782ba88f2f sp=0x000000dfdb8fd5c0 mode 2
Event: 7.972 Thread 0x0000027844484800 Uncommon trap: trap_request=0xffffff4d fr.pc=0x00000278335ded0c relative=0x000000000000122c
Event: 7.972 Thread 0x0000027844484800 Uncommon trap: reason=unstable_if action=reinterpret pc=0x00000278335ded0c method=java.util.concurrent.ConcurrentHashMap.transfer([Ljava/util/concurrent/ConcurrentHashMap$Node;[Ljava/util/concurrent/ConcurrentHashMap$Node;)V @ 273 c2
Event: 7.972 Thread 0x0000027844484800 DEOPT PACKING pc=0x00000278335ded0c sp=0x000000dfdb8fd4f0
Event: 7.972 Thread 0x0000027844484800 DEOPT UNPACKING pc=0x000002782ba88f2f sp=0x000000dfdb8fd488 mode 2
Event: 7.989 Thread 0x0000027844484800 Uncommon trap: trap_request=0xffffff4d fr.pc=0x0000027833565734 relative=0x0000000000000174
Event: 7.989 Thread 0x0000027844484800 Uncommon trap: reason=unstable_if action=reinterpret pc=0x0000027833565734 method=java.util.HashMap.getNode(ILjava/lang/Object;)Ljava/util/HashMap$Node; @ 129 c2
Event: 7.989 Thread 0x0000027844484800 DEOPT PACKING pc=0x0000027833565734 sp=0x000000dfdb8fbcb0
Event: 7.989 Thread 0x0000027844484800 DEOPT UNPACKING pc=0x000002782ba88f2f sp=0x000000dfdb8fbc20 mode 2

Classes redefined (0 events):
No events

Internal exceptions (20 events):
Event: 7.011 Thread 0x0000027844484800 Exception <a 'java/lang/NoSuchMethodError'{0x0000000085c491e8}: 'java.lang.Object java.lang.invoke.DirectMethodHandle$Holder.invokeSpecial(java.lang.Object, java.lang.Object, java.lang.Object, java.lang.Object, java.lang.Object, java.lang.Object, int)'> (0x0000000085c491e8) thrown at [./src/hotspot/share/interpreter/linkResolver.cpp, line 773]
Event: 7.012 Thread 0x0000027844484800 Exception <a 'java/lang/NoSuchMethodError'{0x0000000085c55f90}: 'java.lang.Object java.lang.invoke.DirectMethodHandle$Holder.invokeSpecial(java.lang.Object, java.lang.Object, java.lang.Object, java.lang.Object, java.lang.Object, java.lang.Object, java.lang.Object, int)'> (0x0000000085c55f90) thrown at [./src/hotspot/share/interpreter/linkResolver.cpp, line 773]
Event: 7.013 Thread 0x0000027844484800 Exception <a 'java/lang/NoSuchMethodError'{0x0000000085c59b90}: 'java.lang.Object java.lang.invoke.Invokers$Holder.linkToTargetMethod(java.lang.Object, java.lang.Object, java.lang.Object, java.lang.Object, java.lang.Object, int, java.lang.Object)'> (0x0000000085c59b90) thrown at [./src/hotspot/share/interpreter/linkResolver.cpp, line 773]
Event: 7.037 Thread 0x0000027844484800 Exception <a 'java/lang/NoSuchMethodError'{0x0000000085cc5598}: 'java.lang.Object java.lang.invoke.DirectMethodHandle$Holder.invokeStatic(java.lang.Object, java.lang.Object, int, java.lang.Object)'> (0x0000000085cc5598) thrown at [./src/hotspot/share/interpreter/linkResolver.cpp, line 773]
Event: 7.039 Thread 0x0000027844484800 Exception <a 'java/lang/NoSuchMethodError'{0x0000000085ccc070}: 'java.lang.Object java.lang.invoke.Invokers$Holder.linkToTargetMethod(java.lang.Object, int, java.lang.Object, java.lang.Object)'> (0x0000000085ccc070) thrown at [./src/hotspot/share/interpreter/linkResolver.cpp, line 773]
Event: 7.042 Thread 0x0000027844484800 Exception <a 'java/lang/NoSuchMethodError'{0x0000000085cd3ed0}: 'void java.lang.invoke.DirectMethodHandle$Holder.invokeSpecial(java.lang.Object, java.lang.Object, java.lang.Object, java.lang.Object, java.lang.Object, java.lang.Object)'> (0x0000000085cd3ed0) thrown at [./src/hotspot/share/interpreter/linkResolver.cpp, line 773]
Event: 7.045 Thread 0x0000027844484800 Exception <a 'java/lang/NoSuchMethodError'{0x0000000085ce7668}: 'java.lang.Object java.lang.invoke.Invokers$Holder.linkToTargetMethod(java.lang.Object, java.lang.Object, java.lang.Object, java.lang.Object, java.lang.Object, java.lang.Object)'> (0x0000000085ce7668) thrown at [./src/hotspot/share/interpreter/linkResolver.cpp, line 773]
Event: 7.055 Thread 0x0000027844484800 Exception <a 'java/lang/NoSuchMethodError'{0x0000000085b035c0}: 'int java.lang.invoke.DirectMethodHandle$Holder.invokeVirtual(java.lang.Object, java.lang.Object)'> (0x0000000085b035c0) thrown at [./src/hotspot/share/interpreter/linkResolver.cpp, line 773]
Event: 7.100 Thread 0x0000027844484800 Exception <a 'java/lang/NoSuchMethodError'{0x0000000085ba9458}: 'void java.lang.invoke.DirectMethodHandle$Holder.invokeStatic(java.lang.Object, java.lang.Object, java.lang.Object, java.lang.Object)'> (0x0000000085ba9458) thrown at [./src/hotspot/share/interpreter/linkResolver.cpp, line 773]
Event: 7.214 Thread 0x0000027844484800 Exception <a 'java/lang/NoSuchMethodError'{0x00000000859d6938}: 'void java.lang.invoke.DirectMethodHandle$Holder.invokeStaticInit(java.lang.Object, java.lang.Object)'> (0x00000000859d6938) thrown at [./src/hotspot/share/interpreter/linkResolver.cpp, line 773]
Event: 7.429 Thread 0x0000027844484800 Exception <a 'java/lang/NoSuchMethodError'{0x000000008a0da7e0}: 'void java.lang.invoke.DirectMethodHandle$Holder.invokeSpecial(java.lang.Object, java.lang.Object, java.lang.Object, java.lang.Object, java.lang.Object)'> (0x000000008a0da7e0) thrown at [./src/hotspot/share/interpreter/linkResolver.cpp, line 773]
Event: 7.444 Thread 0x000002784469a800 Exception <a 'java/lang/NoClassDefFoundError'{0x0000000089f27398}: javax/validation/Validation> (0x0000000089f27398) thrown at [./src/hotspot/share/classfile/systemDictionary.cpp, line 220]
Event: 7.518 Thread 0x000002784469a800 Exception <a 'java/lang/NoSuchMethodError'{0x0000000089cef8c0}: 'int java.lang.invoke.DirectMethodHandle$Holder.invokeInterface(java.lang.Object, java.lang.Object)'> (0x0000000089cef8c0) thrown at [./src/hotspot/share/interpreter/linkResolver.cpp, line 773]
Event: 7.540 Thread 0x000002784469a800 Exception <a 'java/lang/NoSuchMethodError'{0x0000000089bbacb0}: 'java.lang.Object java.lang.invoke.DirectMethodHandle$Holder.invokeStaticInit(java.lang.Object, java.lang.Object, java.lang.Object, java.lang.Object, java.lang.Object)'> (0x0000000089bbacb0) thrown at [./src/hotspot/share/interpreter/linkResolver.cpp, line 773]
Event: 7.564 Thread 0x000002784469a800 Exception <a 'java/lang/NoSuchMethodError'{0x0000000089ac9fe8}: 'java.lang.Object java.lang.invoke.DirectMethodHandle$Holder.invokeSpecial(java.lang.Object, java.lang.Object, int, int, java.lang.Object, java.lang.Object, java.lang.Object)'> (0x0000000089ac9fe8) thrown at [./src/hotspot/share/interpreter/linkResolver.cpp, line 773]
Event: 7.565 Thread 0x000002784469a800 Exception <a 'java/lang/NoSuchMethodError'{0x0000000089acd578}: 'java.lang.Object java.lang.invoke.DelegatingMethodHandle$Holder.reinvoke_L(java.lang.Object, int, int, java.lang.Object, java.lang.Object, java.lang.Object)'> (0x0000000089acd578) thrown at [./src/hotspot/share/interpreter/linkResolver.cpp, line 773]
Event: 7.566 Thread 0x000002784469a800 Exception <a 'java/lang/NoSuchMethodError'{0x0000000089ad1f50}: 'java.lang.Object java.lang.invoke.DirectMethodHandle$Holder.invokeStatic(java.lang.Object, java.lang.Object, java.lang.Object, java.lang.Object, int)'> (0x0000000089ad1f50) thrown at [./src/hotspot/share/interpreter/linkResolver.cpp, line 773]
Event: 7.819 Thread 0x0000027844484800 Exception <a 'java/lang/NoClassDefFoundError'{0x0000000089c97a60}: javax/validation/ValidationException> (0x0000000089c97a60) thrown at [./src/hotspot/share/classfile/systemDictionary.cpp, line 220]
Event: 7.915 Thread 0x0000027844484800 Exception <a 'java/lang/NoSuchMethodError'{0x00000000898bc328}: 'org.slf4j.impl.StaticMDCBinder org.slf4j.impl.StaticMDCBinder.getSingleton()'> (0x00000000898bc328) thrown at [./src/hotspot/share/interpreter/linkResolver.cpp, line 773]
Event: 7.917 Thread 0x0000027844484800 Implicit null exception at 0x0000027833590975 to 0x0000027833590b72

Events (20 events):
Event: 8.110 loading class org/springframework/core/annotation/TypeMappedAnnotations$AggregatesCollector
Event: 8.110 loading class org/springframework/core/annotation/TypeMappedAnnotations$AggregatesCollector done
Event: 8.112 loading class com/fasterxml/jackson/databind/deser/std/StringDeserializer
Event: 8.112 loading class com/fasterxml/jackson/databind/deser/std/StringDeserializer done
Event: 8.113 loading class org/springframework/core/annotation/TypeMappedAnnotations$Aggregate
Event: 8.113 loading class org/springframework/core/annotation/TypeMappedAnnotations$Aggregate done
Event: 8.115 loading class com/fasterxml/jackson/databind/deser/std/MapEntryDeserializer
Event: 8.115 loading class com/fasterxml/jackson/databind/deser/std/MapEntryDeserializer done
Event: 8.115 loading class org/springframework/core/annotation/MergedAnnotation
Event: 8.115 loading class org/springframework/core/annotation/MergedAnnotation done
Event: 8.116 loading class org/springframework/core/annotation/MergedAnnotation
Event: 8.116 loading class org/springframework/core/annotation/MergedAnnotation done
Event: 8.116 loading class org/springframework/core/annotation/MergedAnnotation
Event: 8.116 loading class org/springframework/core/annotation/MergedAnnotation done
Event: 8.116 loading class com/fasterxml/jackson/databind/deser/std/TokenBufferDeserializer
Event: 8.116 loading class com/fasterxml/jackson/databind/deser/std/TokenBufferDeserializer done
Event: 8.117 loading class com/fasterxml/jackson/databind/introspect/AnnotatedConstructor
Event: 8.117 loading class com/fasterxml/jackson/databind/introspect/AnnotatedConstructor done
Event: 8.121 loading class org/springframework/core/annotation/TypeMappedAnnotation
Event: 8.121 loading class org/springframework/core/annotation/TypeMappedAnnotation done


Dynamic libraries:
0x00007ff770520000 - 0x00007ff77052a000 	C:\Program Files\JetBrains\IntelliJ IDEA Community Edition 2019.3.1\jbr\bin\java.exe
0x00007ff8f9a20000 - 0x00007ff8f9c10000 	C:\WINDOWS\SYSTEM32\ntdll.dll
0x00007ff8f7bc0000 - 0x00007ff8f7c72000 	C:\WINDOWS\System32\KERNEL32.DLL
0x00007ff8f7820000 - 0x00007ff8f7ac3000 	C:\WINDOWS\System32\KERNELBASE.dll
0x000000006b7c0000 - 0x000000006b853000 	C:\WINDOWS\System32\SYSFER.DLL
0x00007ff8f76c0000 - 0x00007ff8f77ba000 	C:\WINDOWS\System32\ucrtbase.dll
0x00007ff8f02e0000 - 0x00007ff8f02f7000 	C:\Program Files\JetBrains\IntelliJ IDEA Community Edition 2019.3.1\jbr\bin\VCRUNTIME140.dll
0x00007ff8f0290000 - 0x00007ff8f02a9000 	C:\Program Files\JetBrains\IntelliJ IDEA Community Edition 2019.3.1\jbr\bin\jli.dll
0x00007ff8f86d0000 - 0x00007ff8f8864000 	C:\WINDOWS\System32\USER32.dll
0x00007ff8f6c50000 - 0x00007ff8f6c71000 	C:\WINDOWS\System32\win32u.dll
0x00007ff8f7b90000 - 0x00007ff8f7bb6000 	C:\WINDOWS\System32\GDI32.dll
0x00007ff8f7480000 - 0x00007ff8f7614000 	C:\WINDOWS\System32\gdi32full.dll
0x00007ff8f6bb0000 - 0x00007ff8f6c4e000 	C:\WINDOWS\System32\msvcp_win.dll
0x00007ff8d96a0000 - 0x00007ff8d9925000 	C:\WINDOWS\WinSxS\amd64_microsoft.windows.common-controls_6595b64144ccf1df_6.0.18362.657_none_e6c5b579130e3898\COMCTL32.dll
0x00007ff8f8630000 - 0x00007ff8f86ce000 	C:\WINDOWS\System32\msvcrt.dll
0x00007ff8f8ed0000 - 0x00007ff8f9206000 	C:\WINDOWS\System32\combase.dll
0x00007ff8f88e0000 - 0x00007ff8f8a00000 	C:\WINDOWS\System32\RPCRT4.dll
0x00007ff8f7400000 - 0x00007ff8f7480000 	C:\WINDOWS\System32\bcryptPrimitives.dll
0x00007ff8f9460000 - 0x00007ff8f9468000 	C:\WINDOWS\System32\psapi.dll
0x00007ff8f9840000 - 0x00007ff8f986e000 	C:\WINDOWS\System32\IMM32.DLL
0x00007ff8e03d0000 - 0x00007ff8e046d000 	C:\Program Files\JetBrains\IntelliJ IDEA Community Edition 2019.3.1\jbr\bin\msvcp140.dll
0x00007ff897d00000 - 0x00007ff8987bb000 	C:\Program Files\JetBrains\IntelliJ IDEA Community Edition 2019.3.1\jbr\bin\server\jvm.dll
0x00007ff8f8580000 - 0x00007ff8f8623000 	C:\WINDOWS\System32\ADVAPI32.dll
0x00007ff8f9940000 - 0x00007ff8f99d7000 	C:\WINDOWS\System32\sechost.dll
0x00007ff8f0330000 - 0x00007ff8f0339000 	C:\WINDOWS\SYSTEM32\WSOCK32.dll
0x00007ff8f9750000 - 0x00007ff8f97bf000 	C:\WINDOWS\System32\WS2_32.dll
0x00007ff8ef550000 - 0x00007ff8ef574000 	C:\WINDOWS\SYSTEM32\WINMM.dll
0x00007ff8e63e0000 - 0x00007ff8e63ea000 	C:\WINDOWS\SYSTEM32\VERSION.dll
0x00007ff8ef520000 - 0x00007ff8ef54d000 	C:\WINDOWS\SYSTEM32\WINMMBASE.dll
0x00007ff8f7620000 - 0x00007ff8f766a000 	C:\WINDOWS\System32\cfgmgr32.dll
0x00007ff8f6900000 - 0x00007ff8f6911000 	C:\WINDOWS\System32\kernel.appcore.dll
0x00007ff8ed720000 - 0x00007ff8ed731000 	C:\Program Files\JetBrains\IntelliJ IDEA Community Edition 2019.3.1\jbr\bin\verify.dll
0x00007ff8f5020000 - 0x00007ff8f5214000 	C:\WINDOWS\SYSTEM32\DBGHELP.DLL
0x00007ff8da960000 - 0x00007ff8da98a000 	C:\WINDOWS\SYSTEM32\dbgcore.DLL
0x00007ff8ebcb0000 - 0x00007ff8ebcd9000 	C:\Program Files\JetBrains\IntelliJ IDEA Community Edition 2019.3.1\jbr\bin\java.dll
0x00007ff8f0340000 - 0x00007ff8f034f000 	C:\Program Files\JetBrains\IntelliJ IDEA Community Edition 2019.3.1\jbr\bin\instrument.dll
0x00007ff8ebc50000 - 0x00007ff8ebc68000 	C:\Program Files\JetBrains\IntelliJ IDEA Community Edition 2019.3.1\jbr\bin\zip.dll
0x00007ff8f0300000 - 0x00007ff8f030b000 	C:\Program Files\JetBrains\IntelliJ IDEA Community Edition 2019.3.1\jbr\bin\jimage.dll
0x00007ff8f7c80000 - 0x00007ff8f8365000 	C:\WINDOWS\System32\SHELL32.dll
0x00007ff8f7ae0000 - 0x00007ff8f7b89000 	C:\WINDOWS\System32\shcore.dll
0x00007ff8f6c80000 - 0x00007ff8f73ff000 	C:\WINDOWS\System32\windows.storage.dll
0x00007ff8f6940000 - 0x00007ff8f695f000 	C:\WINDOWS\System32\profapi.dll
0x00007ff8f6960000 - 0x00007ff8f69aa000 	C:\WINDOWS\System32\powrprof.dll
0x00007ff8f68f0000 - 0x00007ff8f6900000 	C:\WINDOWS\System32\UMPDC.dll
0x00007ff8f9540000 - 0x00007ff8f9592000 	C:\WINDOWS\System32\shlwapi.dll
0x00007ff8f76a0000 - 0x00007ff8f76b7000 	C:\WINDOWS\System32\cryptsp.dll
0x00007ff8e65f0000 - 0x00007ff8e660a000 	C:\Program Files\JetBrains\IntelliJ IDEA Community Edition 2019.3.1\jbr\bin\net.dll
0x00007ff8e67c0000 - 0x00007ff8e68b0000 	C:\WINDOWS\SYSTEM32\WINHTTP.dll
0x00007ff8f6110000 - 0x00007ff8f6177000 	C:\WINDOWS\system32\mswsock.dll
0x00007ff8e52a0000 - 0x00007ff8e52b4000 	C:\Program Files\JetBrains\IntelliJ IDEA Community Edition 2019.3.1\jbr\bin\nio.dll
0x00007ff8f02d0000 - 0x00007ff8f02da000 	C:\Program Files\JetBrains\IntelliJ IDEA Community Edition 2019.3.1\jbr\bin\management.dll
0x00007ff8f02c0000 - 0x00007ff8f02cc000 	C:\Program Files\JetBrains\IntelliJ IDEA Community Edition 2019.3.1\jbr\bin\management_ext.dll
0x00007ff8d7740000 - 0x00007ff8d7756000 	C:\WINDOWS\system32\napinsp.dll
0x00007ff8d70d0000 - 0x00007ff8d70ea000 	C:\WINDOWS\system32\pnrpnsp.dll
0x00007ff8f5e80000 - 0x00007ff8f5f4a000 	C:\WINDOWS\SYSTEM32\DNSAPI.dll
0x00007ff8f7ad0000 - 0x00007ff8f7ad8000 	C:\WINDOWS\System32\NSI.dll
0x00007ff8f5e30000 - 0x00007ff8f5e6a000 	C:\WINDOWS\SYSTEM32\IPHLPAPI.DLL
0x00007ff8d7090000 - 0x00007ff8d709e000 	C:\WINDOWS\System32\winrnr.dll
0x00007ff8f0240000 - 0x00007ff8f025c000 	C:\WINDOWS\system32\NLAapi.dll
0x00007ff8edd20000 - 0x00007ff8edd35000 	C:\WINDOWS\system32\wshbth.dll
0x00007ff8e6660000 - 0x00007ff8e666a000 	C:\Windows\System32\rasadhlp.dll
0x00007ff8ecf00000 - 0x00007ff8ecf77000 	C:\WINDOWS\System32\fwpuclnt.dll
0x00007ff8f7670000 - 0x00007ff8f7696000 	C:\WINDOWS\System32\bcrypt.dll
0x00007ff8e4fa0000 - 0x00007ff8e4fba000 	C:\Program Files\JetBrains\IntelliJ IDEA Community Edition 2019.3.1\bin\breakgen64.dll

dbghelp: loaded successfully - version: 4.0.5 - missing functions: none
symbol engine: initialized successfully - sym options: 0x614 - pdb path: .;C:\Program Files\JetBrains\IntelliJ IDEA Community Edition 2019.3.1\jbr\bin;C:\WINDOWS\SYSTEM32;C:\WINDOWS\WinSxS\amd64_microsoft.windows.common-controls_6595b64144ccf1df_6.0.18362.657_none_e6c5b579130e3898;C:\Program Files\JetBrains\IntelliJ IDEA Community Edition 2019.3.1\jbr\bin\server;C:\Program Files\JetBrains\IntelliJ IDEA Community Edition 2019.3.1\bin

VM Arguments:
jvm_args: -javaagent:C:\Users\NALSHARG\AppData\Roaming\JetBrains\IdeaIC2020.1\plugins\smx-idea\lib\xmx\bin\xmx-agent.jar=EmbeddedWebServer.Port=8081,config=C:\Users\NALSHARG\AppData\Roaming\JetBrains\IdeaIC2020.1\plugins\smx-idea\lib\xmx\smx.ini -javaagent:C:\Program Files\JetBrains\IntelliJ IDEA Community Edition 2019.3.1\lib\idea_rt.jar=62890:C:\Program Files\JetBrains\IntelliJ IDEA Community Edition 2019.3.1\bin -Dfile.encoding=UTF-8 
java_command: com.yummy.recipe.RecipeProjectApplication
java_class_path (initial): C:\Users\NALSHARG\Desktop\SpringBoot Projects\recipe\target\classes;C:\Users\NALSHARG\.m2\repository\org\springframework\boot\spring-boot-starter-data-jpa\2.3.4.RELEASE\spring-boot-starter-data-jpa-2.3.4.RELEASE.jar;C:\Users\NALSHARG\.m2\repository\org\springframework\boot\spring-boot-starter-aop\2.3.4.RELEASE\spring-boot-starter-aop-2.3.4.RELEASE.jar;C:\Users\NALSHARG\.m2\repository\org\springframework\spring-aop\5.2.9.RELEASE\spring-aop-5.2.9.RELEASE.jar;C:\Users\NALSHARG\.m2\repository\org\aspectj\aspectjweaver\1.9.6\aspectjweaver-1.9.6.jar;C:\Users\NALSHARG\.m2\repository\org\springframework\boot\spring-boot-starter-jdbc\2.3.4.RELEASE\spring-boot-starter-jdbc-2.3.4.RELEASE.jar;C:\Users\NALSHARG\.m2\repository\com\zaxxer\HikariCP\3.4.5\HikariCP-3.4.5.jar;C:\Users\NALSHARG\.m2\repository\org\springframework\spring-jdbc\5.2.9.RELEASE\spring-jdbc-5.2.9.RELEASE.jar;C:\Users\NALSHARG\.m2\repository\jakarta\transaction\jakarta.transaction-api\1.3.3\jakarta.transaction-api-1.3.3.jar;C:\Users\NALSHARG\.m2\repository\jakarta\persistence\jakarta.persistence-api\2.2.3\jakarta.persistence-api-2.2.3.jar;C:\Users\NALSHARG\.m2\repository\org\hibernate\hibernate-core\5.4.21.Final\hibernate-core-5.4.21.Final.jar;C:\Users\NALSHARG\.m2\repository\org\jboss\logging\jboss-logging\3.4.1.Final\jboss-logging-3.4.1.Final.jar;C:\Users\NALSHARG\.m2\repository\org\javassist\javassist\3.24.0-GA\javassist-3.24.0-GA.jar;C:\Users\NALSHARG\.m2\repository\net\bytebuddy\byte-buddy\1.10.14\byte-buddy-1.10.14.jar;C:\Users\NALSHARG\.m2\repository\antlr\antlr\2.7.7\antlr-2.7.7.jar;C:\Users\NALSHARG\.m2\repository\org\jboss\jandex\2.1.3.Final\jandex-2.1.3.Final.jar;C:\Users\NALSHARG\.m2\repository\com\fasterxml\classmate\1.5.1\classmate-1.5.1.jar;C:\Users\NALSHARG\.m2\repository\org\dom4j\dom4j\2.1.3\dom4j-2.1.3.jar;C:\Users\NALSHARG\.m2\repository\org\hibernate\common\hibernate-commons-annotations\5.1.0.Final\hibernate-commons-annotations-5.1.0.Final.jar;C:\Users\NALSHARG\
Launcher Type: SUN_STANDARD

[Global flags]
     intx CICompilerCount                          = 4                                         {product} {ergonomic}
     uint ConcGCThreads                            = 2                                         {product} {ergonomic}
     uint G1ConcRefinementThreads                  = 8                                         {product} {ergonomic}
   size_t G1HeapRegionSize                         = 1048576                                   {product} {ergonomic}
    uintx GCDrainStackTargetSize                   = 64                                        {product} {ergonomic}
   size_t InitialHeapSize                          = 132120576                                 {product} {ergonomic}
   size_t MarkStackSize                            = 4194304                                   {product} {ergonomic}
   size_t MaxHeapSize                              = 2107637760                                {product} {ergonomic}
   size_t MaxNewSize                               = 1264582656                                {product} {ergonomic}
   size_t MinHeapDeltaBytes                        = 1048576                                   {product} {ergonomic}
    uintx NonNMethodCodeHeapSize                   = 5836300                                {pd product} {ergonomic}
    uintx NonProfiledCodeHeapSize                  = 122910970                              {pd product} {ergonomic}
    uintx ProfiledCodeHeapSize                     = 122910970                              {pd product} {ergonomic}
    uintx ReservedCodeCacheSize                    = 251658240                              {pd product} {ergonomic}
     bool SegmentedCodeCache                       = true                                      {product} {ergonomic}
     bool UseCompressedClassPointers               = true                                 {lp64_product} {ergonomic}
     bool UseCompressedOops                        = true                                 {lp64_product} {ergonomic}
     bool UseG1GC                                  = true                                      {product} {ergonomic}
     bool UseLargePagesIndividualAllocation        = false                                  {pd product} {ergonomic}

Logging:
Log output configuration:
 #0: stdout all=warning uptime,level,tags
 #1: stderr all=off uptime,level,tags

Environment Variables:
JAVA_HOME=C:\Program Files\Java\jdk1.8.0_144
PATH=C:\WINDOWS\system32;C:\WINDOWS;C:\WINDOWS\System32\Wbem;C:\WINDOWS\System32\WindowsPowerShell\v1.0\;C:\WINDOWS\System32\OpenSSH\;C:\Program Files\OpenJDK12\Bin;C:\Users\NALSHARG\Downloads\apache-maven-3.6.3-bin\\bin;C:\Program Files\nodejs\;C:\Program Files (x86)\QuickTime\QTSystem\;C:\Program Files\Java\jdk1.8.0_144\bin;C:\Program Files\dotnet\;C:\Program Files\Microsoft SQL Server\130\Tools\Binn\;C:\Program Files\Microsoft SQL Server\Client SDK\ODBC\170\Tools\Binn\;C:\Program Files\Docker\Docker\resources\bin;C:\ProgramData\DockerDesktop\version-bin;C:\Users\NALSHARG\AppData\Local\Microsoft\WindowsApps;C:\Users\NALSHARG\AppData\Local\Programs\Git\cmd;C:\Users\NALSHARG\AppData\Local\Programs\Microsoft VS Code\bin;C:\Users\NALSHARG\AppData\Roaming\npm;C:\Users\NALSHARG\.dotnet\tools
USERNAME=NALSHARG
OS=Windows_NT
PROCESSOR_IDENTIFIER=Intel64 Family 6 Model 142 Stepping 10, GenuineIntel



---------------  S Y S T E M  ---------------

OS: Windows 10 , 64 bit Build 18362 (10.0.18362.329)
OS uptime: 3 days 13:20 hours
HyperV virtualization detected

CPU:total 8 (initial active 8) (4 cores per cpu, 2 threads per core) family 6 model 142 stepping 10, cmov, cx8, fxsr, mmx, sse, sse2, sse3, ssse3, sse4.1, sse4.2, popcnt, avx, avx2, aes, clmul, erms, rtm, 3dnowpref, lzcnt, ht, tsc, tscinvbit, bmi1, bmi2, adx, fma

Memory: 4k page, system-wide physical 8035M (425M free)
TotalPageFile size 10885M (AvailPageFile size 50M)
current process WorkingSet (physical memory assigned to process): 180M, peak: 180M
current process commit charge ("private bytes"): 255M, peak: 255M

vm_info: OpenJDK 64-Bit Server VM (11.0.7+10-b765.65) for windows-amd64 JRE (11.0.7+10-b765.65), built on Jul 13 2020 15:36:30 by "" with MS VC++ 14.0 (VS2015)

END.
